{"timestamp": "2025-11-20T12:17:10.025018Z", "level": "info", "event": "Running in LOCAL mode: .env loaded"}
{"timestamp": "2025-11-20T12:17:10.025530Z", "level": "info", "event": "Loaded API_KEYS from ECS secret"}
{"keys": {"GOOGLE_API_KEY": "AIzaSy...", "GROQ_API_KEY": "gsk_cJ..."}, "timestamp": "2025-11-20T12:17:10.025826Z", "level": "info", "event": "API keys loaded"}
{"config_keys": ["embedding_model", "retriever", "llm"], "timestamp": "2025-11-20T12:17:10.038548Z", "level": "info", "event": "YAML config loaded"}
{"session_id": "session_20251120_131710_13a0d1a9", "temp_dir": "data\\session_20251120_131710_13a0d1a9", "faiss_dir": "faiss_index\\session_20251120_131710_13a0d1a9", "sessionized": true, "timestamp": "2025-11-20T12:17:10.040717Z", "level": "info", "event": "ChatIngestor initialized"}
{"uploaded": "data/Anatomy_1_Lecture_Notes.pdf", "saved_as": "data\\session_20251120_131710_13a0d1a9\\29a79d24.pdf", "timestamp": "2025-11-20T12:17:10.043127Z", "level": "info", "event": "File saved for ingestion"}
{"error": "`pypdf` package not found, please install it with `pip install pypdf`", "timestamp": "2025-11-20T12:17:10.126137Z", "level": "error", "event": "Failed loading documents"}
{"error": "Error in [C:\\Users\\DELL\\llmops\\.venv\\Lib\\site-packages\\langchain_community\\document_loaders\\parsers\\pdf.py] at line [361] | Message: Error loading documents\nTraceback:\nTraceback (most recent call last):\n  File \"C:\\Users\\DELL\\llmops\\.venv\\Lib\\site-packages\\langchain_community\\document_loaders\\parsers\\pdf.py\", line 359, in lazy_parse\n    import pypdf\nModuleNotFoundError: No module named 'pypdf'\n\nDuring handling of the above exception, another exception occurred:\n\nTraceback (most recent call last):\n  File \"C:\\Users\\DELL\\llmops\\multi_doc_chat\\utils\\document_ops.py\", line 30, in load_documents\n    docs.extend(loader.load())\n                ~~~~~~~~~~~^^\n  File \"C:\\Users\\DELL\\llmops\\.venv\\Lib\\site-packages\\langchain_core\\document_loaders\\base.py\", line 32, in load\n    return list(self.lazy_load())\n  File \"C:\\Users\\DELL\\llmops\\.venv\\Lib\\site-packages\\langchain_community\\document_loaders\\pdf.py\", line 305, in lazy_load\n    yield from self.parser.lazy_parse(blob)\n  File \"C:\\Users\\DELL\\llmops\\.venv\\Lib\\site-packages\\langchain_community\\document_loaders\\parsers\\pdf.py\", line 361, in lazy_parse\n    raise ImportError(\n        \"`pypdf` package not found, please install it with `pip install pypdf`\"\n    )\nImportError: `pypdf` package not found, please install it with `pip install pypdf`\n", "timestamp": "2025-11-20T12:17:10.129269Z", "level": "error", "event": "Failed to build retriever"}
